<?xml version="1.0" encoding="UTF-8"?>
<!-- Generated by org.testng.reporters.JUnitReportReporter -->
<testsuite skipped="0" hostname="Nigar" name="testhomepage.TestSearchField" tests="2" failures="0" timestamp="21 Sep 2017 16:59:34 GMT" time="61.669" errors="0">
  <testcase name="testHowToBuy" time="28.669" classname="testhomepage.TestSearchField"/>
  <testcase name="testSearchBox" time="33.000" classname="testhomepage.TestSearchField"/>
</testsuite> <!-- testhomepage.TestSearchField -->
