<?xml version="1.0" encoding="UTF-8"?>
<!-- Generated by org.testng.reporters.JUnitReportReporter -->
<testsuite skipped="0" hostname="Nigar" name="testhomepage.TestDepartments" tests="1" failures="0" timestamp="21 Sep 2017 16:59:34 GMT" time="9.919" errors="0">
  <testcase name="testMouseoverDepartments" time="9.919" classname="testhomepage.TestDepartments"/>
</testsuite> <!-- testhomepage.TestDepartments -->
